LessDroidBasic/proguard.cfg
-injars      bin/classes
-injars      libs
-outjars     bin/classes-processed.jar
-libraryjars /usr/local/java/android-sdk/platforms/android-16/android.jar

-dontpreverify
-repackageclasses ''
-allowaccessmodification
-dontskipnonpubliclibraryclassmembers
-optimizations !code/simplification/arithmetic
-keepattributes *Annotation*
-ignorewarnings 

-keep public class * extends android.app.Activity
-keep public class * extends android.app.Application
-keep public class * extends android.app.Service
-keep public class * extends android.content.BroadcastReceiver
-keep public class * extends android.content.ContentProvider

-keep public class * extends android.view.View {
    public <init>(android.content.Context);
    public <init>(android.content.Context, android.util.AttributeSet);
    public <init>(android.content.Context, android.util.AttributeSet, int);
    public void set*(...);
}

-keepclasseswithmembers class * {
    public <init>(android.content.Context, android.util.AttributeSet);
}

-keepclasseswithmembers class * {
    public <init>(android.content.Context, android.util.AttributeSet, int);
}

-keepclassmembers class * extends android.content.Context {
   public void *(android.view.View);
   public void *(android.view.MenuItem);
}

-keepclassmembers class * implements android.os.Parcelable {
    static android.os.Parcelable$Creator CREATOR;
}

-keepclassmembers class **.R$* {
    public static <fields>;
}