LessDroidBasic/proguard/seeds.txt
com.corvideon.lessdroidhome.R$array: int locations
com.corvideon.lessdroidhome.R$attr: int actionBarDivider
com.corvideon.lessdroidhome.R$attr: int actionBarItemBackground
com.corvideon.lessdroidhome.R$attr: int actionBarSize
com.corvideon.lessdroidhome.R$attr: int actionBarSplitStyle
com.corvideon.lessdroidhome.R$attr: int actionBarStyle
com.corvideon.lessdroidhome.R$attr: int actionBarTabBarStyle
com.corvideon.lessdroidhome.R$attr: int actionBarTabStyle
com.corvideon.lessdroidhome.R$attr: int actionBarTabTextStyle
com.corvideon.lessdroidhome.R$attr: int actionBarWidgetTheme
com.corvideon.lessdroidhome.R$attr: int actionButtonStyle
com.corvideon.lessdroidhome.R$attr: int actionDropDownStyle
com.corvideon.lessdroidhome.R$attr: int actionMenuTextAppearance
com.corvideon.lessdroidhome.R$attr: int actionMenuTextColor
com.corvideon.lessdroidhome.R$attr: int actionModeBackground
com.corvideon.lessdroidhome.R$attr: int actionModeCloseButtonStyle
com.corvideon.lessdroidhome.R$attr: int actionModeCloseDrawable
com.corvideon.lessdroidhome.R$attr: int actionModePopupWindowStyle
com.corvideon.lessdroidhome.R$attr: int actionModeShareDrawable
com.corvideon.lessdroidhome.R$attr: int actionModeSplitBackground
com.corvideon.lessdroidhome.R$attr: int actionModeStyle
com.corvideon.lessdroidhome.R$attr: int actionOverflowButtonStyle
com.corvideon.lessdroidhome.R$attr: int actionSpinnerItemStyle
com.corvideon.lessdroidhome.R$attr: int activatedBackgroundIndicator
com.corvideon.lessdroidhome.R$attr: int activityChooserViewStyle
com.corvideon.lessdroidhome.R$bool: int abs__action_bar_embed_tabs
com.corvideon.lessdroidhome.R$bool: int abs__action_bar_expanded_action_views_exclusive
com.corvideon.lessdroidhome.R$bool: int abs__config_actionMenuItemAllCaps
com.corvideon.lessdroidhome.R$bool: int abs__config_allowActionMenuItemTextWithIcon
com.corvideon.lessdroidhome.R$bool: int abs__config_showMenuShortcutsWhenKeyboardPresent
com.corvideon.lessdroidhome.R$bool: int abs__split_action_bar_is_narrow
com.corvideon.lessdroidhome.R$color: int abs__background_holo_dark
com.corvideon.lessdroidhome.R$color: int abs__background_holo_light
com.corvideon.lessdroidhome.R$color: int abs__bright_foreground_disabled_holo_dark
com.corvideon.lessdroidhome.R$color: int abs__bright_foreground_disabled_holo_light
com.corvideon.lessdroidhome.R$color: int abs__bright_foreground_holo_dark
com.corvideon.lessdroidhome.R$color: int abs__bright_foreground_holo_light
com.corvideon.lessdroidhome.R$color: int abs__bright_foreground_inverse_holo_dark
com.corvideon.lessdroidhome.R$color: int abs__bright_foreground_inverse_holo_light
com.corvideon.lessdroidhome.R$color: int abs__holo_blue_light
com.corvideon.lessdroidhome.R$color: int abs__primary_text_disable_only_holo_dark
com.corvideon.lessdroidhome.R$color: int abs__primary_text_disable_only_holo_light
com.corvideon.lessdroidhome.R$color: int abs__primary_text_holo_dark
com.corvideon.lessdroidhome.R$color: int abs__primary_text_holo_light
com.corvideon.lessdroidhome.R$color: int aqua
com.corvideon.lessdroidhome.R$color: int black
com.corvideon.lessdroidhome.R$color: int black_overlay
com.corvideon.lessdroidhome.R$color: int blue
com.corvideon.lessdroidhome.R$color: int blue_base
com.corvideon.lessdroidhome.R$color: int blue_gradientE
com.corvideon.lessdroidhome.R$color: int blue_gradientS
com.corvideon.lessdroidhome.R$color: int blue_stroke
com.corvideon.lessdroidhome.R$color: int button_shadow_color
...
com.actionbarsherlock.R$dimen: int abs__config_prefDialogWidth
com.actionbarsherlock.R$dimen: int abs__action_bar_subtitle_text_size
com.actionbarsherlock.R$dimen: int abs__action_bar_icon_vertical_padding
com.actionbarsherlock.R$dimen: int abs__dropdownitem_icon_width
com.actionbarsherlock.R$dimen: int abs__action_bar_subtitle_top_margin
com.actionbarsherlock.R$dimen: int abs__action_button_min_width
com.actionbarsherlock.R$dimen: int action_button_min_width
com.actionbarsherlock.R$dimen: int abs__action_bar_default_height
com.actionbarsherlock.R$dimen: int abs__dropdownitem_text_padding_left
com.actionbarsherlock.R$dimen: int abs__dialog_min_width_minor
com.actionbarsherlock.R$dimen: int abs__dropdownitem_text_padding_right
com.actionbarsherlock.R$dimen: int abs__dialog_min_width_major
com.actionbarsherlock.R$dimen: int abs__search_view_text_min_width
com.actionbarsherlock.R$dimen: int abs__search_view_preferred_width
com.actionbarsherlock.R$dimen: int abs__action_bar_subtitle_bottom_margin
com.actionbarsherlock.R$dimen: int abs__alert_dialog_title_height
com.actionbarsherlock.R$dimen: int abs__action_bar_title_text_size
com.actionbarsherlock.R$drawable: int abs__ic_cab_done_holo_dark
com.actionbarsherlock.R$drawable: int abs__ic_go
com.actionbarsherlock.R$drawable: int abs__progress_medium_holo
com.actionbarsherlock.R$drawable: int abs__progress_secondary_holo_light
com.actionbarsherlock.R$drawable: int abs__ab_stacked_solid_dark_holo
com.actionbarsherlock.R$drawable: int abs__ab_bottom_solid_dark_holo
com.actionbarsherlock.R$drawable: int abs__tab_selected_pressed_holo
com.actionbarsherlock.R$drawable: int abs__spinner_ab_focused_holo_dark
com.actionbarsherlock.R$drawable: int abs__ab_solid_dark_holo
com.actionbarsherlock.R$drawable: int abs__textfield_search_default_holo_dark
com.actionbarsherlock.R$drawable: int abs__ab_stacked_transparent_light_holo
com.actionbarsherlock.R$drawable: int abs__textfield_searchview_right_holo_light
com.actionbarsherlock.R$drawable: int abs__btn_cab_done_focused_holo_light
com.actionbarsherlock.R$drawable: int abs__ic_clear_search_api_disabled_holo_light
com.actionbarsherlock.R$drawable: int abs__ab_share_pack_holo_light
com.actionbarsherlock.R$drawable: int abs__ic_clear_normal
com.actionbarsherlock.R$drawable: int abs__ab_solid_light_holo
com.actionbarsherlock.R$drawable: int abs__ic_clear_holo_light
com.actionbarsherlock.R$drawable: int abs__ic_search
com.actionbarsherlock.R$drawable: int abs__ic_voice_search
com.actionbarsherlock.R$drawable: int abs__textfield_search_selected_holo_light