LessDroidBasic/proguard/mapping.txt
com.google.inject.internal.InjectorOptionsProcessor -> fn:
    boolean disableCircularProxies -> a
    boolean jitDisabled -> d
com.google.inject.internal.InjectorShell -> fo:
    java.util.List elements -> a
    com.google.inject.internal.InjectorImpl injector -> b
com.google.inject.internal.InjectorShell$Builder -> fp:
    java.util.List elements -> a
    java.util.List modules -> b
    com.google.inject.internal.State state -> c
    com.google.inject.internal.InjectorImpl parent -> d
    com.google.inject.internal.InjectorImpl$InjectorOptions options -> e
    com.google.inject.Stage stage -> f
    com.google.inject.internal.PrivateElementsImpl privateElements -> g
    java.util.List build(com.google.inject.internal.Initializer,com.google.inject.internal.ProcessedBindingData,com.google.inject.internal.util.$Stopwatch,com.google.inject.internal.Errors) -> a
com.google.inject.internal.InjectorShell$InjectorFactory -> fq:
    com.google.inject.Injector injector -> a
    java.lang.String toString() -> toString
    java.lang.Object get(com.google.inject.internal.Errors,com.google.inject.internal.InternalContext,com.google.inject.spi.Dependency,boolean) -> a
    java.lang.Object get() -> a
com.google.inject.internal.InjectorShell$LoggerFactory -> fr:
    java.lang.String toString() -> toString
    java.lang.Object get(com.google.inject.internal.Errors,com.google.inject.internal.InternalContext,com.google.inject.spi.Dependency,boolean) -> a
    java.lang.Object get() -> a
com.google.inject.internal.InjectorShell$RootModule -> fs:
    com.google.inject.Stage stage -> a
    void configure(com.google.inject.Binder) -> a
com.google.inject.internal.InstanceBindingImpl -> ft:
    java.lang.Object instance -> d
    com.google.inject.Provider provider -> e
    com.google.inject.internal.util.$ImmutableSet injectionPoints -> f
    com.google.inject.Provider getProvider() -> b
    java.lang.Object acceptTargetVisitor(com.google.inject.spi.BindingTargetVisitor) -> a
    java.lang.Object getInstance() -> h
    java.util.Set getInjectionPoints() -> i
    java.util.Set getDependencies() -> l
    com.google.inject.internal.BindingImpl withScoping(com.google.inject.internal.Scoping) -> a
    com.google.inject.internal.BindingImpl withKey(com.google.inject.Key) -> a
    java.lang.String toString() -> toString
    boolean equals(java.lang.Object) -> equals
    int hashCode() -> hashCode
com.google.inject.internal.InternalContext -> fu:
    java.util.Map constructionContexts -> a
    com.google.inject.spi.Dependency dependency -> b
    com.google.inject.spi.Dependency setDependency(com.google.inject.spi.Dependency) -> a
com.google.inject.internal.InternalFactory -> fv:
    java.lang.Object get(com.google.inject.internal.Errors,com.google.inject.internal.InternalContext,com.google.inject.spi.Dependency,boolean) -> a
com.google.inject.internal.InternalFactoryToProviderAdapter -> fw:
    com.google.inject.internal.Initializable initializable -> a
    java.lang.Object source -> b
    java.lang.Object get(com.google.inject.internal.Errors,com.google.inject.internal.InternalContext,com.google.inject.spi.Dependency,boolean) -> a
    java.lang.String toString() -> toString