LessDroidBasic/proguard/usage.txt
com.corvideon.lessdroidhome.BuildConfig
com.corvideon.lessdroidhome.R
com.corvideon.lessdroidhome.R$array
com.corvideon.lessdroidhome.R$attr
com.corvideon.lessdroidhome.R$bool
com.corvideon.lessdroidhome.R$color
com.corvideon.lessdroidhome.R$dimen
com.corvideon.lessdroidhome.R$drawable
com.corvideon.lessdroidhome.R$id
com.corvideon.lessdroidhome.R$integer
com.corvideon.lessdroidhome.R$layout
com.corvideon.lessdroidhome.R$menu
com.corvideon.lessdroidhome.R$string
com.corvideon.lessdroidhome.R$style
com.corvideon.lessdroidhome.R$styleable
com.corvideon.lessdroidhome.R$xml
...
com.google.inject.spi.DisableCircularProxiesOption
com.google.inject.spi.Element:
    public abstract void applyTo(com.google.inject.Binder)
com.google.inject.spi.ElementVisitor:
    public abstract java.lang.Object visit(com.google.inject.spi.MembersInjectorLookup)
    public abstract java.lang.Object visit(com.google.inject.spi.RequireExplicitBindingsOption)
    public abstract java.lang.Object visit(com.google.inject.spi.DisableCircularProxiesOption)
com.google.inject.spi.Elements:
    85:85:public static varargs java.util.List getElements(com.google.inject.Stage,com.google.inject.Module[])
    92:92:public static java.util.List getElements(java.lang.Iterable)
    110:110:public static com.google.inject.Module getModule(java.lang.Iterable)
    121:121:static com.google.inject.spi.BindingTargetVisitor getInstanceVisitor()
com.google.inject.spi.Elements$2
com.google.inject.spi.Elements$RecordingBinder:
    195:198:public com.google.inject.MembersInjector getMembersInjector(com.google.inject.TypeLiteral)
    202:202:public com.google.inject.MembersInjector getMembersInjector(java.lang.Class)
    237:237:public com.google.inject.Stage currentStage()
    258:258:public com.google.inject.binder.AnnotatedBindingBuilder bind(com.google.inject.TypeLiteral)
    281:282:public void convertToTypes(com.google.inject.matcher.Matcher,com.google.inject.spi.TypeConverter)
    290:295:public varargs com.google.inject.spi.Elements$RecordingBinder skipSources(java.lang.Class[])
    305:306:public void disableCircularProxies()
    309:310:public void requireExplicitBindings()
    317:317:public com.google.inject.binder.AnnotatedElementBuilder expose(java.lang.Class)
    321:321:public com.google.inject.binder.AnnotatedElementBuilder expose(com.google.inject.TypeLiteral)
    124:124:public bridge synthetic com.google.inject.Binder skipSources(java.lang.Class[])
    124:124:public bridge synthetic com.google.inject.PrivateBinder skipSources(java.lang.Class[])
    124:124:public bridge synthetic com.google.inject.PrivateBinder withSource(java.lang.Object)
com.google.inject.spi.Elements$RecordingBinder$1:
    329:329:public void annotatedWith(java.lang.Class)
    330:330:public void annotatedWith(java.lang.annotation.Annotation)
com.google.inject.spi.ExposedBinding:
    public abstract com.google.inject.spi.PrivateElements getPrivateElements()
    public abstract void applyTo(com.google.inject.Binder)
com.google.inject.spi.InjectionPoint:
    207:207:public static com.google.inject.spi.InjectionPoint forConstructor(java.lang.reflect.Constructor)
    220:226:public static com.google.inject.spi.InjectionPoint forConstructor(java.lang.reflect.Constructor,com.google.inject.TypeLiteral)
    304:304:public static com.google.inject.spi.InjectionPoint forConstructorOf(java.lang.Class)
com.google.inject.spi.InjectionPoint$Position:
    508:508:public static com.google.inject.spi.InjectionPoint$Position[] values()
    508:508:public static com.google.inject.spi.InjectionPoint$Position valueOf(java.lang.String)
com.google.inject.spi.InjectionRequest:
    56:56:public com.google.inject.TypeLiteral getType()
    80:81:public void applyTo(com.google.inject.Binder)
com.google.inject.spi.MembersInjectorLookup
com.google.inject.spi.MembersInjectorLookup$1
com.google.inject.spi.Message:
    private static final long serialVersionUID
    115:116:public void applyTo(com.google.inject.Binder)
    123:127:private java.lang.Object writeReplace()
com.google.inject.spi.ProviderBinding:
    public abstract com.google.inject.Key getProvidedKey()
com.google.inject.spi.ProviderLookup:
    68:69:public void applyTo(com.google.inject.Binder)
    76:76:public com.google.inject.Provider getDelegate()
com.google.inject.spi.RequireExplicitBindingsOption
com.google.inject.spi.ScopeBinding:
    63:64:public void applyTo(com.google.inject.Binder)
com.google.inject.spi.StaticInjectionRequest:
    68:69:public void applyTo(com.google.inject.Binder)